[0mCompiling "resources/public/js/compiled/schema_example.js" from ["src"]...
[32mSuccessfully compiled "resources/public/js/compiled/schema_example.js" in 0.207 seconds.[0m
[0mCompiling "resources/public/js/compiled/schema_example.js" from ["src"]...
[32mSuccessfully compiled "resources/public/js/compiled/schema_example.js" in 0.252 seconds.[0m
[0mCompiling "resources/public/js/compiled/schema_example.js" from ["src"]...
[32mSuccessfully compiled "resources/public/js/compiled/schema_example.js" in 0.192 seconds.[0m
[0mCompiling "resources/public/js/compiled/schema_example.js" from ["src"]...
[0mCompiling "resources/public/js/compiled/schema_example.js" from ["src"]...
[0mCompiling "resources/public/js/compiled/schema_example.js" from ["src"]...
[0mCompiling "resources/public/js/compiled/schema_example.js" from ["src"]...
[0mCompiling "resources/public/js/compiled/schema_example.js" from ["src"]...
[0mCompiling "resources/public/js/compiled/schema_example.js" from ["src"]...
[0mCompiling "resources/public/js/compiled/schema_example.js" from ["src"]...
[0mCompiling "resources/public/js/compiled/schema_example.js" from ["src"]...
[0mCompiling "resources/public/js/compiled/schema_example.js" from ["src"]...
[0mCompiling "resources/public/js/compiled/schema_example.js" from ["src"]...
[0mCompiling "resources/public/js/compiled/schema_example.js" from ["src"]...
[0mCompiling "resources/public/js/compiled/schema_example.js" from ["src"]...
[0mCompiling "resources/public/js/compiled/schema_example.js" from ["src"]...
[0mCompiling "resources/public/js/compiled/schema_example.js" from ["src"]...
[0mCompiling "resources/public/js/compiled/schema_example.js" from ["src"]...
[0mCompiling "resources/public/js/compiled/schema_example.js" from ["src"]...
[0mCompiling "resources/public/js/compiled/schema_example.js" from ["src"]...
[0mCompiling "resources/public/js/compiled/schema_example.js" from ["src"]...
[0mCompiling "resources/public/js/compiled/schema_example.js" from ["src"]...
[0mCompiling "resources/public/js/compiled/schema_example.js" from ["src"]...
[0mCompiling "resources/public/js/compiled/schema_example.js" from ["src"]...
[0mCompiling "resources/public/js/compiled/schema_example.js" from ["src"]...
notifying browser that file changed:  resources/public/js/compiled/out/goog/deps.js
notifying browser that file changed:  resources/public/js/compiled/out/cljs_deps.js
notifying browser that file changed:  out/schema_example/cljs_example.js
[32mSuccessfully compiled "resources/public/js/compiled/schema_example.js" in 0.275 seconds.[0m
[0mCompiling "resources/public/js/compiled/schema_example.js" from ["src"]...
WARNING: Wrong number of args (3) passed to cognitect.transit/writer at line 10 src/schema_example/cljs_example.cljs
WARNING: Wrong number of args (1) passed to cognitect.transit/read at line 16 src/schema_example/cljs_example.cljs
WARNING: Wrong number of args (3) passed to cognitect.transit/reader at line 16 src/schema_example/cljs_example.cljs
notifying browser that file changed:  out/schema_example/cljs_example.js
[32mSuccessfully compiled "resources/public/js/compiled/schema_example.js" in 0.214 seconds.[0m
[0mCompiling "resources/public/js/compiled/schema_example.js" from ["src"]...
WARNING: Wrong number of args (3) passed to cognitect.transit/writer at line 24 src/schema_example/cljs_example.cljs
WARNING: Wrong number of args (1) passed to cognitect.transit/read at line 30 src/schema_example/cljs_example.cljs
WARNING: Wrong number of args (3) passed to cognitect.transit/reader at line 30 src/schema_example/cljs_example.cljs
WARNING: Use of undeclared Var schema-example.cljs-example/ByteArrayOutputStream at line 34 src/schema_example/cljs_example.cljs
WARNING: Use of undeclared Var schema-example.cljs-example/ByteArrayOutputStream at line 34 src/schema_example/cljs_example.cljs
WARNING: No such namespace: transit, could not locate transit.cljs, transit.cljc, or Closure namespace "" at line 35 src/schema_example/cljs_example.cljs
WARNING: Use of undeclared Var transit/writer at line 35 src/schema_example/cljs_example.cljs
WARNING: No such namespace: transit, could not locate transit.cljs, transit.cljc, or Closure namespace "" at line 36 src/schema_example/cljs_example.cljs
WARNING: Use of undeclared Var transit/write at line 36 src/schema_example/cljs_example.cljs
WARNING: No such namespace: transit, could not locate transit.cljs, transit.cljc, or Closure namespace "" at line 37 src/schema_example/cljs_example.cljs
WARNING: Use of undeclared Var transit/write at line 37 src/schema_example/cljs_example.cljs
notifying browser that file changed:  out/schema_example/cljs_example.js
[32mSuccessfully compiled "resources/public/js/compiled/schema_example.js" in 0.335 seconds.[0m
[0mCompiling "resources/public/js/compiled/schema_example.js" from ["src"]...
[0mCompiling "resources/public/js/compiled/schema_example.js" from ["src"]...
[0mCompiling "resources/public/js/compiled/schema_example.js" from ["src"]...
[0mCompiling "resources/public/js/compiled/schema_example.js" from ["src"]...
[0mCompiling "resources/public/js/compiled/schema_example.js" from ["src"]...
[0mCompiling "resources/public/js/compiled/schema_example.js" from ["src"]...
[0mCompiling "resources/public/js/compiled/schema_example.js" from ["src"]...
[0mCompiling "resources/public/js/compiled/schema_example.js" from ["src"]...
[0mCompiling "resources/public/js/compiled/schema_example.js" from ["src"]...
[0mCompiling "resources/public/js/compiled/schema_example.js" from ["src"]...
[0mCompiling "resources/public/js/compiled/schema_example.js" from ["src"]...
[0mCompiling "resources/public/js/compiled/schema_example.js" from ["src"]...
[0mCompiling "resources/public/js/compiled/schema_example.js" from ["src"]...
[0mCompiling "resources/public/js/compiled/schema_example.js" from ["src"]...
[0mCompiling "resources/public/js/compiled/schema_example.js" from ["src"]...
[0mCompiling "resources/public/js/compiled/schema_example.js" from ["src"]...
[0mCompiling "resources/public/js/compiled/schema_example.js" from ["src"]...
[0mCompiling "resources/public/js/compiled/schema_example.js" from ["src"]...
[0mCompiling "resources/public/js/compiled/schema_example.js" from ["src"]...
[0mCompiling "resources/public/js/compiled/schema_example.js" from ["src"]...
[0mCompiling "resources/public/js/compiled/schema_example.js" from ["src"]...
[0mCompiling "resources/public/js/compiled/schema_example.js" from ["src"]...
[0mCompiling "resources/public/js/compiled/schema_example.js" from ["src"]...
[0mCompiling "resources/public/js/compiled/schema_example.js" from ["src"]...
[0mCompiling "resources/public/js/compiled/schema_example.js" from ["src"]...
[0mCompiling "resources/public/js/compiled/schema_example.js" from ["src"]...
[0mCompiling "resources/public/js/compiled/schema_example.js" from ["src"]...
[0mCompiling "resources/public/js/compiled/schema_example.js" from ["src"]...
[0mCompiling "resources/public/js/compiled/schema_example.js" from ["src"]...
[0mCompiling "resources/public/js/compiled/schema_example.js" from ["src"]...
[0mCompiling "resources/public/js/compiled/schema_example.js" from ["src"]...
[0mCompiling "resources/public/js/compiled/schema_example.js" from ["src"]...
[0mCompiling "resources/public/js/compiled/schema_example.js" from ["src"]...
[0mCompiling "resources/public/js/compiled/schema_example.js" from ["src"]...
[0mCompiling "resources/public/js/compiled/schema_example.js" from ["src"]...
[0mCompiling "resources/public/js/compiled/schema_example.js" from ["src"]...
[0mCompiling "resources/public/js/compiled/schema_example.js" from ["src"]...
[0mCompiling "resources/public/js/compiled/schema_example.js" from ["src"]...
[0mCompiling "resources/public/js/compiled/schema_example.js" from ["src"]...
[0mCompiling "resources/public/js/compiled/schema_example.js" from ["src"]...
[0mCompiling "resources/public/js/compiled/schema_example.js" from ["src"]...
[0mCompiling "resources/public/js/compiled/schema_example.js" from ["src"]...
[0mCompiling "resources/public/js/compiled/schema_example.js" from ["src"]...
WARNING: ReplyOrder at line 20 is being replaced at line 25 src/schema_example/cljs_example.cljs
notifying browser that file changed:  resources/public/js/compiled/out/goog/deps.js
notifying browser that file changed:  resources/public/js/compiled/out/cljs_deps.js
notifying browser that file changed:  out/schema_example/clj_example.js
[32mSuccessfully compiled "resources/public/js/compiled/schema_example.js" in 0.398 seconds.[0m
[0mCompiling "resources/public/js/compiled/schema_example.js" from ["src"]...
WARNING: Use of undeclared Var schema-example.cljs-example/pencil at line 20 src/schema_example/cljs_example.cljs
WARNING: Use of undeclared Var schema-example.cljs-example/note at line 20 src/schema_example/cljs_example.cljs
WARNING: Use of undeclared Var schema-example.cljs-example/pencil at line 21 src/schema_example/cljs_example.cljs
WARNING: Use of undeclared Var schema-example.cljs-example/note at line 21 src/schema_example/cljs_example.cljs
WARNING: Use of undeclared Var schema-example.cljs-example/pencil at line 23 src/schema_example/cljs_example.cljs
WARNING: Use of undeclared Var schema-example.cljs-example/note at line 23 src/schema_example/cljs_example.cljs
WARNING: Use of undeclared Var schema-example.cljs-example/pencil at line 24 src/schema_example/cljs_example.cljs
WARNING: Use of undeclared Var schema-example.cljs-example/note at line 24 src/schema_example/cljs_example.cljs
[31mCompiling "resources/public/js/compiled/schema_example.js" failed.
[0mERROR: EOF while reading string on file /home/makoto/clojure/clojure-packt-book/chapter07/schema-example/src/schema_example/cljs_example.cljs, line 28, column 1
[32mSuccessfully compiled "resources/public/js/compiled/schema_example.js" in 0.302 seconds.[0m
[0mCompiling "resources/public/js/compiled/schema_example.js" from ["src"]...
WARNING: ReplyOrder at line 21 is being replaced at line 27 src/schema_example/cljs_example.cljs
notifying browser that file changed:  resources/public/js/compiled/out/goog/deps.js
notifying browser that file changed:  resources/public/js/compiled/out/cljs_deps.js
notifying browser that file changed:  out/schema_example/cljs_example.js
[32mSuccessfully compiled "resources/public/js/compiled/schema_example.js" in 0.4 seconds.[0m
[0mCompiling "resources/public/js/compiled/schema_example.js" from ["src"]...
WARNING: ReplyOrder at line 21 is being replaced at line 27 src/schema_example/cljs_example.cljs
notifying browser that file changed:  out/schema_example/cljs_example.js
[32mSuccessfully compiled "resources/public/js/compiled/schema_example.js" in 0.283 seconds.[0m
[0mCompiling "resources/public/js/compiled/schema_example.js" from ["src"]...
WARNING: ReplyOrder at line 21 is being replaced at line 27 src/schema_example/cljs_example.cljs
notifying browser that file changed:  out/schema_example/cljs_example.js
[32mSuccessfully compiled "resources/public/js/compiled/schema_example.js" in 0.302 seconds.[0m
